<?xml version="1.0" encoding="UTF-8"?>
<!-- Generated by org.testng.reporters.JUnitReportReporter -->
<testsuite hostname="Sais-MacBook-Pro.local" name="MavenTutorial.MavenJAVA.SeleniumTest" tests="2" failures="0" timestamp="27 Jun 2021 08:38:13 GMT" time="0.001" errors="0">
  <testcase name="browserAutomatio" time="0.001" classname="MavenTutorial.MavenJAVA.SeleniumTest"/>
  <testcase name="elementsUi" time="0.000" classname="MavenTutorial.MavenJAVA.SeleniumTest"/>
</testsuite> <!-- MavenTutorial.MavenJAVA.SeleniumTest -->
