<?xml version="1.0" encoding="UTF-8"?>
<!-- Generated by org.testng.reporters.JUnitReportReporter -->
<testsuite hostname="Sais-MacBook-Pro.local" name="MavenTutorial.MavenJAVA.RestAPITest" tests="2" failures="0" timestamp="27 Jun 2021 08:38:08 GMT" time="0.026" errors="0">
  <testcase name="postJira" time="0.002" classname="MavenTutorial.MavenJAVA.RestAPITest"/>
  <testcase name="deleteTwitter" time="0.024" classname="MavenTutorial.MavenJAVA.RestAPITest"/>
</testsuite> <!-- MavenTutorial.MavenJAVA.RestAPITest -->
